     1                                 %line 1+1 sort.asm
     2                                 
     3                                 
     4                                 
     5                                 
     6                                 [section .data]
     7                                 
     8                                 [section .text]
     9                                 [global sort]
    10                                 sort:
    11 00000000 4154                   push r12
    12 00000002 8B0E                   mov ecx, dword[rsi]
    13 00000004 8B07                   mov eax, dword[rdi]
    14 00000006 BA00000000             mov edx, 0
    15                                 
    16                                 loop1:
    17 0000000B 49C7C300000000         mov r11, 0
    18 00000012 448B27                 mov r12d, dword[rdi]
    19 00000015 41FFCC                 dec r12d
    20                                 loop2:
    21 00000018 428B049F               mov eax, dword[rdi+(r11*4)]
    22 0000001C 428B5C9F04             mov ebx, dword[rdi+((r11*4)+4)]
    23 00000021 39D8                   cmp eax,ebx
    24 00000023 7C0D                   jl next
    25                                 
    26 00000025 89C2                   mov edx,eax
    27 00000027 89D8                   mov eax, ebx
    28 00000029 89D3                   mov ebx, edx
    29 0000002B 4289049F               mov dword[rdi+(r11*4)], eax
    30 0000002F 42895C9F04             mov dword[rdi+(r11*4)+4], ebx
    31                                 next:
    32 00000034 49FFC3                 inc r11
    33 00000037 41FFCC                 dec r12d
    34 0000003A 75DA                   jnz loop2
    35 0000003C E2CB                   loop loop1
    36 0000003E 415C                   pop r12
    37 00000040 C3                     ret
